{"contracts/AMPnet.sol":{"l":{"26":12,"30":11,"37":16,"41":15,"42":15,"56":11,"64":11,"68":15,"72":0},"path":"/home/filip/Projects/crowdfunding-contracts/contracts/AMPnet.sol","s":{"1":12,"2":16,"3":15,"4":15,"5":11,"6":15,"7":0},"b":{"1":[11,1]},"f":{"1":12,"2":16,"3":15,"4":0,"5":11,"6":0,"7":11,"8":15,"9":0},"fnMap":{"1":{"name":"walletActive","line":25,"loc":{"start":{"line":25,"column":4},"end":{"line":25,"column":23}}},"2":{"name":"setEur","line":36,"loc":{"start":{"line":36,"column":4},"end":{"line":36,"column":43}}},"3":{"name":"addWallet","line":40,"loc":{"start":{"line":40,"column":4},"end":{"line":40,"column":53}}},"4":{"name":"removeWallet","line":45,"loc":{"start":{"line":45,"column":4},"end":{"line":45,"column":56}}},"5":{"name":"addOrganization","line":50,"loc":{"start":{"line":50,"column":4},"end":{"line":55,"column":5}}},"6":{"name":"removeOrganization","line":59,"loc":{"start":{"line":59,"column":4},"end":{"line":59,"column":48}}},"7":{"name":"getAllOrganizations","line":63,"loc":{"start":{"line":63,"column":4},"end":{"line":63,"column":69}}},"8":{"name":"isWalletActive","line":67,"loc":{"start":{"line":67,"column":4},"end":{"line":67,"column":68}}},"9":{"name":"getEurContract","line":71,"loc":{"start":{"line":71,"column":4},"end":{"line":71,"column":53}}}},"statementMap":{"1":{"start":{"line":26,"column":8},"end":{"line":26,"column":497}},"2":{"start":{"line":37,"column":8},"end":{"line":37,"column":17}},"3":{"start":{"line":41,"column":8},"end":{"line":41,"column":36}},"4":{"start":{"line":42,"column":8},"end":{"line":42,"column":32}},"5":{"start":{"line":64,"column":8},"end":{"line":64,"column":29}},"6":{"start":{"line":68,"column":8},"end":{"line":68,"column":37}},"7":{"start":{"line":72,"column":8},"end":{"line":72,"column":19}}},"branchMap":{"1":{"line":26,"type":"if","locations":[{"start":{"line":26,"column":8},"end":{"line":26,"column":8}},{"start":{"line":26,"column":8},"end":{"line":26,"column":8}}]}}},"contracts/EUR.sol":{"l":{"16":16,"23":0,"27":0,"31":0,"35":0,"49":0,"50":0,"51":0,"53":0,"54":0,"56":0,"57":0,"59":0,"60":0,"61":0,"63":0,"64":0,"82":0,"94":0,"106":0,"120":0,"132":0,"144":0},"path":"/home/filip/Projects/crowdfunding-contracts/contracts/EUR.sol","s":{"1":16,"2":0,"3":0,"4":0,"5":0,"6":0,"7":0,"8":0,"9":0,"10":0,"11":0,"12":0,"13":0,"14":0,"15":0,"16":0,"17":0,"18":0,"19":0,"20":0},"b":{"1":[0,0],"2":[0,0],"3":[0,0],"4":[0,0],"5":[0,0],"6":[0,0],"7":[0,0],"8":[0,0]},"f":{"1":16,"2":0,"3":0,"4":0,"5":0,"6":0,"7":0,"8":0,"9":0,"10":0},"fnMap":{"1":{"name":null,"line":15,"loc":{"start":{"line":15,"column":4},"end":{"line":15,"column":35}}},"2":{"name":"isRegistered","line":22,"loc":{"start":{"line":22,"column":4},"end":{"line":22,"column":38}}},"3":{"name":"senderRegistered","line":30,"loc":{"start":{"line":30,"column":4},"end":{"line":30,"column":29}}},"4":{"name":"invest","line":41,"loc":{"start":{"line":41,"column":4},"end":{"line":48,"column":5}}},"5":{"name":"allowance","line":71,"loc":{"start":{"line":71,"column":4},"end":{"line":81,"column":5}}},"6":{"name":"transfer","line":85,"loc":{"start":{"line":85,"column":4},"end":{"line":93,"column":5}}},"7":{"name":"approve","line":97,"loc":{"start":{"line":97,"column":4},"end":{"line":105,"column":5}}},"8":{"name":"transferFrom","line":109,"loc":{"start":{"line":109,"column":4},"end":{"line":119,"column":5}}},"9":{"name":"increaseAllowance","line":123,"loc":{"start":{"line":123,"column":4},"end":{"line":131,"column":5}}},"10":{"name":"decreaseAllowance","line":135,"loc":{"start":{"line":135,"column":4},"end":{"line":143,"column":5}}}},"statementMap":{"1":{"start":{"line":16,"column":8},"end":{"line":16,"column":23}},"2":{"start":{"line":23,"column":8},"end":{"line":23,"column":650}},"3":{"start":{"line":31,"column":8},"end":{"line":31,"column":817}},"4":{"start":{"line":49,"column":8},"end":{"line":49,"column":27}},"5":{"start":{"line":50,"column":8},"end":{"line":50,"column":47}},"6":{"start":{"line":51,"column":8},"end":{"line":51,"column":49}},"7":{"start":{"line":53,"column":8},"end":{"line":53,"column":90}},"8":{"start":{"line":54,"column":8},"end":{"line":54,"column":77}},"9":{"start":{"line":56,"column":8},"end":{"line":56,"column":82}},"10":{"start":{"line":57,"column":8},"end":{"line":57,"column":81}},"11":{"start":{"line":59,"column":8},"end":{"line":59,"column":76}},"12":{"start":{"line":60,"column":8},"end":{"line":60,"column":76}},"13":{"start":{"line":61,"column":8},"end":{"line":61,"column":71}},"14":{"start":{"line":63,"column":8},"end":{"line":63,"column":32}},"15":{"start":{"line":82,"column":8},"end":{"line":82,"column":46}},"16":{"start":{"line":94,"column":8},"end":{"line":94,"column":40}},"17":{"start":{"line":106,"column":8},"end":{"line":106,"column":44}},"18":{"start":{"line":120,"column":8},"end":{"line":120,"column":50}},"19":{"start":{"line":132,"column":8},"end":{"line":132,"column":59}},"20":{"start":{"line":144,"column":8},"end":{"line":144,"column":64}}},"branchMap":{"1":{"line":23,"type":"if","locations":[{"start":{"line":23,"column":8},"end":{"line":23,"column":8}},{"start":{"line":23,"column":8},"end":{"line":23,"column":8}}]},"2":{"line":31,"type":"if","locations":[{"start":{"line":31,"column":8},"end":{"line":31,"column":8}},{"start":{"line":31,"column":8},"end":{"line":31,"column":8}}]},"3":{"line":49,"type":"if","locations":[{"start":{"line":49,"column":8},"end":{"line":49,"column":8}},{"start":{"line":49,"column":8},"end":{"line":49,"column":8}}]},"4":{"line":50,"type":"if","locations":[{"start":{"line":50,"column":8},"end":{"line":50,"column":8}},{"start":{"line":50,"column":8},"end":{"line":50,"column":8}}]},"5":{"line":51,"type":"if","locations":[{"start":{"line":51,"column":8},"end":{"line":51,"column":8}},{"start":{"line":51,"column":8},"end":{"line":51,"column":8}}]},"6":{"line":59,"type":"if","locations":[{"start":{"line":59,"column":8},"end":{"line":59,"column":8}},{"start":{"line":59,"column":8},"end":{"line":59,"column":8}}]},"7":{"line":60,"type":"if","locations":[{"start":{"line":60,"column":8},"end":{"line":60,"column":8}},{"start":{"line":60,"column":8},"end":{"line":60,"column":8}}]},"8":{"line":61,"type":"if","locations":[{"start":{"line":61,"column":8},"end":{"line":61,"column":8}},{"start":{"line":61,"column":8},"end":{"line":61,"column":8}}]}}},"contracts/Organization.sol":{"l":{"22":11,"23":11,"24":11,"31":7,"35":6,"39":4,"43":3,"47":7,"51":4,"55":2,"59":1,"66":6,"80":1,"89":1,"100":1,"104":2,"108":1,"112":1,"116":1},"path":"/home/filip/Projects/crowdfunding-contracts/contracts/Organization.sol","s":{"1":11,"2":11,"3":11,"4":7,"5":4,"6":7,"7":2,"8":6,"9":1,"10":2,"11":1,"12":1,"13":1},"b":{"1":[6,1],"2":[3,1],"3":[4,3],"4":[1,1]},"f":{"1":11,"2":7,"3":4,"4":7,"5":2,"6":6,"7":1,"8":1,"9":2,"10":1,"11":1,"12":1},"fnMap":{"1":{"name":null,"line":21,"loc":{"start":{"line":21,"column":4},"end":{"line":21,"column":63}}},"2":{"name":"ampnetOnly","line":30,"loc":{"start":{"line":30,"column":4},"end":{"line":30,"column":21}}},"3":{"name":"organizationVerified","line":38,"loc":{"start":{"line":38,"column":4},"end":{"line":38,"column":31}}},"4":{"name":"adminOnly","line":46,"loc":{"start":{"line":46,"column":4},"end":{"line":46,"column":20}}},"5":{"name":"walletActive","line":54,"loc":{"start":{"line":54,"column":4},"end":{"line":54,"column":39}}},"6":{"name":"activate","line":65,"loc":{"start":{"line":65,"column":4},"end":{"line":65,"column":39}}},"7":{"name":"addProject","line":69,"loc":{"start":{"line":69,"column":4},"end":{"line":79,"column":5}}},"8":{"name":"addMember","line":92,"loc":{"start":{"line":92,"column":4},"end":{"line":99,"column":5}}},"9":{"name":"isVerified","line":103,"loc":{"start":{"line":103,"column":4},"end":{"line":103,"column":50}}},"10":{"name":"getName","line":107,"loc":{"start":{"line":107,"column":4},"end":{"line":107,"column":49}}},"11":{"name":"getAllProjects","line":111,"loc":{"start":{"line":111,"column":4},"end":{"line":111,"column":59}}},"12":{"name":"getMembers","line":115,"loc":{"start":{"line":115,"column":4},"end":{"line":115,"column":55}}}},"statementMap":{"1":{"start":{"line":22,"column":8},"end":{"line":22,"column":21}},"2":{"start":{"line":23,"column":8},"end":{"line":23,"column":19}},"3":{"start":{"line":24,"column":8},"end":{"line":24,"column":23}},"4":{"start":{"line":31,"column":8},"end":{"line":31,"column":519}},"5":{"start":{"line":39,"column":8},"end":{"line":39,"column":708}},"6":{"start":{"line":47,"column":8},"end":{"line":47,"column":861}},"7":{"start":{"line":55,"column":8},"end":{"line":55,"column":1043}},"8":{"start":{"line":66,"column":8},"end":{"line":66,"column":31}},"9":{"start":{"line":80,"column":8},"end":{"line":80,"column":1545}},"10":{"start":{"line":104,"column":8},"end":{"line":104,"column":32}},"11":{"start":{"line":108,"column":8},"end":{"line":108,"column":20}},"12":{"start":{"line":112,"column":8},"end":{"line":112,"column":24}},"13":{"start":{"line":116,"column":8},"end":{"line":116,"column":23}}},"branchMap":{"1":{"line":31,"type":"if","locations":[{"start":{"line":31,"column":8},"end":{"line":31,"column":8}},{"start":{"line":31,"column":8},"end":{"line":31,"column":8}}]},"2":{"line":39,"type":"if","locations":[{"start":{"line":39,"column":8},"end":{"line":39,"column":8}},{"start":{"line":39,"column":8},"end":{"line":39,"column":8}}]},"3":{"line":47,"type":"if","locations":[{"start":{"line":47,"column":8},"end":{"line":47,"column":8}},{"start":{"line":47,"column":8},"end":{"line":47,"column":8}}]},"4":{"line":55,"type":"if","locations":[{"start":{"line":55,"column":8},"end":{"line":55,"column":8}},{"start":{"line":55,"column":8},"end":{"line":55,"column":8}}]}}},"contracts/Project.sol":{"l":{"33":1,"34":1,"35":1,"36":1,"37":1,"38":1,"39":1,"46":0,"50":0,"57":0,"59":0,"60":0,"68":0,"69":0,"70":0,"71":0,"73":0,"74":0,"79":0,"80":0,"81":0,"82":0,"84":0,"85":0,"89":1,"93":1,"97":1,"101":1,"105":1,"109":0,"113":0,"117":0},"path":"/home/filip/Projects/crowdfunding-contracts/contracts/Project.sol","s":{"1":1,"2":1,"3":1,"4":1,"5":1,"6":1,"7":1,"8":0,"9":0,"10":0,"11":0,"12":0,"13":0,"14":0,"15":0,"16":0,"17":0,"18":0,"19":0,"20":0,"21":0,"22":0,"23":1,"24":1,"25":1,"26":1,"27":1,"28":0,"29":0,"30":0},"b":{"1":[0,0],"2":[0,0],"3":[0,0],"4":[0,0],"5":[0,0],"6":[0,0],"7":[0,0],"8":[0,0],"9":[0,0],"10":[0,0]},"f":{"1":1,"2":0,"3":0,"4":0,"5":0,"6":1,"7":1,"8":1,"9":1,"10":1,"11":0,"12":0,"13":0},"fnMap":{"1":{"name":null,"line":24,"loc":{"start":{"line":24,"column":4},"end":{"line":32,"column":14}}},"2":{"name":"isEurContract","line":45,"loc":{"start":{"line":45,"column":4},"end":{"line":45,"column":26}}},"3":{"name":"addNewUserInvestment","line":56,"loc":{"start":{"line":56,"column":4},"end":{"line":56,"column":82}}},"4":{"name":"transferOwnership","line":64,"loc":{"start":{"line":64,"column":4},"end":{"line":64,"column":63}}},"5":{"name":"cancelInvestment","line":78,"loc":{"start":{"line":78,"column":4},"end":{"line":78,"column":50}}},"6":{"name":"getName","line":88,"loc":{"start":{"line":88,"column":4},"end":{"line":88,"column":49}}},"7":{"name":"getDescription","line":92,"loc":{"start":{"line":92,"column":4},"end":{"line":92,"column":56}}},"8":{"name":"getMaxInvestmentPerUser","line":96,"loc":{"start":{"line":96,"column":4},"end":{"line":96,"column":66}}},"9":{"name":"getMinInvestmentPerUser","line":100,"loc":{"start":{"line":100,"column":4},"end":{"line":100,"column":66}}},"10":{"name":"getInvestmentCap","line":104,"loc":{"start":{"line":104,"column":4},"end":{"line":104,"column":59}}},"11":{"name":"getCurrentTotalInvestment","line":108,"loc":{"start":{"line":108,"column":4},"end":{"line":108,"column":68}}},"12":{"name":"getTotalInvestmentForUser","line":112,"loc":{"start":{"line":112,"column":4},"end":{"line":112,"column":80}}},"13":{"name":"isLockedForInvestments","line":116,"loc":{"start":{"line":116,"column":4},"end":{"line":116,"column":62}}}},"statementMap":{"1":{"start":{"line":33,"column":8},"end":{"line":33,"column":19}},"2":{"start":{"line":34,"column":8},"end":{"line":34,"column":33}},"3":{"start":{"line":35,"column":8},"end":{"line":35,"column":51}},"4":{"start":{"line":36,"column":8},"end":{"line":36,"column":51}},"5":{"start":{"line":37,"column":8},"end":{"line":37,"column":37}},"6":{"start":{"line":38,"column":8},"end":{"line":38,"column":35}},"7":{"start":{"line":39,"column":8},"end":{"line":39,"column":23}},"8":{"start":{"line":46,"column":8},"end":{"line":46,"column":1116}},"9":{"start":{"line":57,"column":8},"end":{"line":57,"column":35}},"10":{"start":{"line":59,"column":8},"end":{"line":59,"column":1435}},"11":{"start":{"line":60,"column":12},"end":{"line":60,"column":39}},"12":{"start":{"line":68,"column":8},"end":{"line":68,"column":27}},"13":{"start":{"line":69,"column":8},"end":{"line":69,"column":50}},"14":{"start":{"line":70,"column":8},"end":{"line":70,"column":50}},"15":{"start":{"line":71,"column":8},"end":{"line":71,"column":42}},"16":{"start":{"line":73,"column":8},"end":{"line":73,"column":41}},"17":{"start":{"line":74,"column":8},"end":{"line":74,"column":33}},"18":{"start":{"line":79,"column":8},"end":{"line":79,"column":27}},"19":{"start":{"line":80,"column":8},"end":{"line":80,"column":50}},"20":{"start":{"line":81,"column":8},"end":{"line":81,"column":41}},"21":{"start":{"line":82,"column":8},"end":{"line":82,"column":50}},"22":{"start":{"line":85,"column":8},"end":{"line":85,"column":41}},"23":{"start":{"line":89,"column":8},"end":{"line":89,"column":20}},"24":{"start":{"line":93,"column":8},"end":{"line":93,"column":27}},"25":{"start":{"line":97,"column":8},"end":{"line":97,"column":36}},"26":{"start":{"line":101,"column":8},"end":{"line":101,"column":36}},"27":{"start":{"line":105,"column":8},"end":{"line":105,"column":29}},"28":{"start":{"line":109,"column":8},"end":{"line":109,"column":55}},"29":{"start":{"line":113,"column":8},"end":{"line":113,"column":33}},"30":{"start":{"line":117,"column":8},"end":{"line":117,"column":36}}},"branchMap":{"1":{"line":46,"type":"if","locations":[{"start":{"line":46,"column":8},"end":{"line":46,"column":8}},{"start":{"line":46,"column":8},"end":{"line":46,"column":8}}]},"2":{"line":59,"type":"if","locations":[{"start":{"line":59,"column":8},"end":{"line":59,"column":8}},{"start":{"line":59,"column":8},"end":{"line":59,"column":8}}]},"3":{"line":68,"type":"if","locations":[{"start":{"line":68,"column":8},"end":{"line":68,"column":8}},{"start":{"line":68,"column":8},"end":{"line":68,"column":8}}]},"4":{"line":69,"type":"if","locations":[{"start":{"line":69,"column":8},"end":{"line":69,"column":8}},{"start":{"line":69,"column":8},"end":{"line":69,"column":8}}]},"5":{"line":70,"type":"if","locations":[{"start":{"line":70,"column":8},"end":{"line":70,"column":8}},{"start":{"line":70,"column":8},"end":{"line":70,"column":8}}]},"6":{"line":71,"type":"if","locations":[{"start":{"line":71,"column":8},"end":{"line":71,"column":8}},{"start":{"line":71,"column":8},"end":{"line":71,"column":8}}]},"7":{"line":79,"type":"if","locations":[{"start":{"line":79,"column":8},"end":{"line":79,"column":8}},{"start":{"line":79,"column":8},"end":{"line":79,"column":8}}]},"8":{"line":80,"type":"if","locations":[{"start":{"line":80,"column":8},"end":{"line":80,"column":8}},{"start":{"line":80,"column":8},"end":{"line":80,"column":8}}]},"9":{"line":81,"type":"if","locations":[{"start":{"line":81,"column":8},"end":{"line":81,"column":8}},{"start":{"line":81,"column":8},"end":{"line":81,"column":8}}]},"10":{"line":82,"type":"if","locations":[{"start":{"line":82,"column":8},"end":{"line":82,"column":8}},{"start":{"line":82,"column":8},"end":{"line":82,"column":8}}]}}}}